This is pdfTeX, Version 3.141592653-2.6-1.40.26 (TeX Live 2024) (preloaded format=pdflatex 2024.12.17)  28 JUL 2025 20:36
entering extended mode
 restricted \write18 enabled.
 file:line:error style messages enabled.
 %&-line parsing enabled.
**beamerinnerthemeSimplePlusAIC.sty
(./beamerinnerthemeSimplePlusAIC.sty
LaTeX2e <2023-11-01> patch level 1
L3 programming layer <2024-02-20>
./beamerinnerthemeSimplePlusAIC.sty:1: Undefined control sequence.
l.1 \pgfdeclareverticalshading
                              [lower.bg,upper.bg]{bmb@transition}{200cm}{%
? 
./beamerinnerthemeSimplePlusAIC.sty:1: Emergency stop.
l.1 
    
End of file on the terminal!

 
Here is how much of TeX's memory you used:
 17 strings out of 474116
 475 string characters out of 5743681
 1925187 words of memory out of 5000000
 22476 multiletter control sequences out of 15000+600000
 558069 words of font info for 36 fonts, out of 8000000 for 9000
 1141 hyphenation exceptions out of 8191
 12i,0n,13p,135b,8s stack positions out of 10000i,1000n,20000p,200000b,200000s
./beamerinnerthemeSimplePlusAIC.sty:1:  ==> Fatal error occurred, no output PDF
 file produced!
